<?xml version="1.0" encoding="UTF-8"?>
<testng-results ignored="0" total="1" passed="0" failed="1" skipped="0">
  <reporter-output>
  </reporter-output>
  <suite started-at="2022-09-23T17:37:31 IST" name="Default suite" finished-at="2022-09-23T17:38:03 IST" duration-ms="31584">
    <groups>
    </groups>
    <test started-at="2022-09-23T17:37:31 IST" name="Default test" finished-at="2022-09-23T17:38:03 IST" duration-ms="31584">
      <class name="tests.VerifyGroupsPage">
        <test-method is-config="true" signature="openBrowser()[pri:0, instance:tests.VerifyGroupsPage@4567f35d]" started-at="2022-09-23T17:37:31 IST" name="openBrowser" finished-at="2022-09-23T17:37:34 IST" duration-ms="2570" status="PASS">
          <reporter-output>
          </reporter-output>
        </test-method> <!-- openBrowser -->
        <test-method is-config="true" signature="createPOMClassObjects()[pri:0, instance:tests.VerifyGroupsPage@4567f35d]" started-at="2022-09-23T17:37:34 IST" name="createPOMClassObjects" finished-at="2022-09-23T17:37:34 IST" duration-ms="40" status="PASS">
          <reporter-output>
          </reporter-output>
        </test-method> <!-- createPOMClassObjects -->
        <test-method is-config="true" signature="openMyNetworkPage()[pri:0, instance:tests.VerifyGroupsPage@4567f35d]" started-at="2022-09-23T17:37:34 IST" name="openMyNetworkPage" finished-at="2022-09-23T17:37:52 IST" duration-ms="17700" status="PASS">
          <reporter-output>
          </reporter-output>
        </test-method> <!-- openMyNetworkPage -->
        <test-method signature="verifyGroupsLink()[pri:0, instance:tests.VerifyGroupsPage@4567f35d]" started-at="2022-09-23T17:37:52 IST" name="verifyGroupsLink" finished-at="2022-09-23T17:37:57 IST" duration-ms="5916" status="FAIL">
          <exception class="java.lang.AssertionError">
            <message>
              <![CDATA[expected [https://www.linkedin.com/groups] but found [https://www.linkedin.com/mynetwork/]]]>
            </message>
            <full-stacktrace>
              <![CDATA[java.lang.AssertionError: expected [https://www.linkedin.com/groups] but found [https://www.linkedin.com/mynetwork/]
at org.testng.Assert.fail(Assert.java:99)
at org.testng.Assert.failNotEquals(Assert.java:1037)
at org.testng.Assert.assertEqualsImpl(Assert.java:140)
at org.testng.Assert.assertEquals(Assert.java:122)
at org.testng.Assert.assertEquals(Assert.java:629)
at org.testng.Assert.assertEquals(Assert.java:639)
at tests.VerifyGroupsPage.verifyGroupsLink(VerifyGroupsPage.java:85)
at java.base/jdk.internal.reflect.DirectMethodHandleAccessor.invoke(DirectMethodHandleAccessor.java:104)
at java.base/java.lang.reflect.Method.invoke(Method.java:577)
at org.testng.internal.MethodInvocationHelper.invokeMethod(MethodInvocationHelper.java:133)
at org.testng.internal.TestInvoker.invokeMethod(TestInvoker.java:598)
at org.testng.internal.TestInvoker.invokeTestMethod(TestInvoker.java:173)
at org.testng.internal.MethodRunner.runInSequence(MethodRunner.java:46)
at org.testng.internal.TestInvoker$MethodInvocationAgent.invoke(TestInvoker.java:824)
at org.testng.internal.TestInvoker.invokeTestMethods(TestInvoker.java:146)
at org.testng.internal.TestMethodWorker.invokeTestMethods(TestMethodWorker.java:146)
at org.testng.internal.TestMethodWorker.run(TestMethodWorker.java:128)
at java.base/java.util.ArrayList.forEach(ArrayList.java:1511)
at org.testng.TestRunner.privateRun(TestRunner.java:794)
at org.testng.TestRunner.run(TestRunner.java:596)
at org.testng.SuiteRunner.runTest(SuiteRunner.java:377)
at org.testng.SuiteRunner.runSequentially(SuiteRunner.java:371)
at org.testng.SuiteRunner.privateRun(SuiteRunner.java:332)
at org.testng.SuiteRunner.run(SuiteRunner.java:276)
at org.testng.SuiteRunnerWorker.runSuite(SuiteRunnerWorker.java:53)
at org.testng.SuiteRunnerWorker.run(SuiteRunnerWorker.java:96)
at org.testng.TestNG.runSuitesSequentially(TestNG.java:1212)
at org.testng.TestNG.runSuitesLocally(TestNG.java:1134)
at org.testng.TestNG.runSuites(TestNG.java:1063)
at org.testng.TestNG.run(TestNG.java:1031)
at org.testng.remote.AbstractRemoteTestNG.run(AbstractRemoteTestNG.java:115)
at org.testng.remote.RemoteTestNG.initAndRun(RemoteTestNG.java:251)
at org.testng.remote.RemoteTestNG.main(RemoteTestNG.java:77)
]]>
            </full-stacktrace>
          </exception> <!-- java.lang.AssertionError -->
          <reporter-output>
          </reporter-output>
        </test-method> <!-- verifyGroupsLink -->
        <test-method is-config="true" signature="logOutToApp(org.testng.ITestResult)[pri:0, instance:tests.VerifyGroupsPage@4567f35d]" started-at="2022-09-23T17:37:57 IST" name="logOutToApp" finished-at="2022-09-23T17:38:00 IST" duration-ms="2660" status="PASS">
          <params>
            <param index="0">
              <value>
                <![CDATA[[TestResult name=verifyGroupsLink status=FAILURE method=VerifyGroupsPage.verifyGroupsLink()[pri:0, instance:tests.VerifyGroupsPage@4567f35d] output={null}]]]>
              </value>
            </param>
          </params>
          <reporter-output>
          </reporter-output>
        </test-method> <!-- logOutToApp -->
        <test-method is-config="true" signature="clearPOMClassObjects()[pri:0, instance:tests.VerifyGroupsPage@4567f35d]" started-at="2022-09-23T17:38:00 IST" name="clearPOMClassObjects" finished-at="2022-09-23T17:38:00 IST" duration-ms="1" status="PASS">
          <reporter-output>
          </reporter-output>
        </test-method> <!-- clearPOMClassObjects -->
        <test-method is-config="true" signature="closeBrowser()[pri:0, instance:tests.VerifyGroupsPage@4567f35d]" started-at="2022-09-23T17:38:00 IST" name="closeBrowser" finished-at="2022-09-23T17:38:03 IST" duration-ms="2622" status="PASS">
          <reporter-output>
          </reporter-output>
        </test-method> <!-- closeBrowser -->
      </class> <!-- tests.VerifyGroupsPage -->
    </test> <!-- Default test -->
  </suite> <!-- Default suite -->
</testng-results>
