<?xml version="1.0" encoding="UTF-8"?>
<!-- Generated by org.testng.reporters.JUnitXMLReporter -->
<testsuite ignored="0" hostname="DESKTOP-EII4P66" failures="1" tests="5" name="ChromeTest" time="84.874" errors="0" timestamp="2022-10-03T14:12:21 IST">
  <testcase classname="tests.VerifyContactsPage" name="@BeforeMethod openMyNetworkPage" time="29.33">
    <failure type="org.openqa.selenium.NoSuchElementException" message="no such element: Unable to locate element: {&amp;quot;method&amp;quot;:&amp;quot;xpath&amp;quot;,&amp;quot;selector&amp;quot;:&amp;quot;//span[text()=&amp;apos;My Network&amp;apos;]&amp;quot;}
  (Session info: chrome=106.0.5249.91)
For documentation on this error, please visit: https://www.seleniumhq.org/exceptions/no_such_element.html
Build info: version: &amp;apos;3.141.59&amp;apos;, revision: &amp;apos;e82be7d358&amp;apos;, time: &amp;apos;2018-11-14T08:17:03&amp;apos;
System info: host: &amp;apos;DESKTOP-EII4P66&amp;apos;, ip: &amp;apos;192.168.137.1&amp;apos;, os.name: &amp;apos;Windows 10&amp;apos;, os.arch: &amp;apos;amd64&amp;apos;, os.version: &amp;apos;10.0&amp;apos;, java.version: &amp;apos;18.0.1.1&amp;apos;
Driver info: org.openqa.selenium.chrome.ChromeDriver
Capabilities {acceptInsecureCerts: false, browserName: chrome, browserVersion: 106.0.5249.91, chrome: {chromedriverVersion: 106.0.5249.61 (511755355844..., userDataDir: C:\Users\ABC\AppData\Local\...}, goog:chromeOptions: {debuggerAddress: localhost:63786}, javascriptEnabled: true, networkConnectionEnabled: false, pageLoadStrategy: normal, platform: WINDOWS, platformName: WINDOWS, proxy: Proxy(), setWindowRect: true, strictFileInteractability: false, timeouts: {implicit: 0, pageLoad: 300000, script: 30000}, unhandledPromptBehavior: dismiss and notify, webauthn:extension:credBlob: true, webauthn:extension:largeBlob: true, webauthn:virtualAuthenticators: true}
Session ID: 41196d9c80202c81fd3c54ad4f7abf7c
*** Element info: {Using=xpath, value=//span[text()=&amp;apos;My Network&amp;apos;]}">
      <![CDATA[org.openqa.selenium.NoSuchElementException: no such element: Unable to locate element: {"method":"xpath","selector":"//span[text()='My Network']"}
  (Session info: chrome=106.0.5249.91)
For documentation on this error, please visit: https://www.seleniumhq.org/exceptions/no_such_element.html
Build info: version: '3.141.59', revision: 'e82be7d358', time: '2018-11-14T08:17:03'
System info: host: 'DESKTOP-EII4P66', ip: '192.168.137.1', os.name: 'Windows 10', os.arch: 'amd64', os.version: '10.0', java.version: '18.0.1.1'
Driver info: org.openqa.selenium.chrome.ChromeDriver
Capabilities {acceptInsecureCerts: false, browserName: chrome, browserVersion: 106.0.5249.91, chrome: {chromedriverVersion: 106.0.5249.61 (511755355844..., userDataDir: C:\Users\ABC\AppData\Local\...}, goog:chromeOptions: {debuggerAddress: localhost:63786}, javascriptEnabled: true, networkConnectionEnabled: false, pageLoadStrategy: normal, platform: WINDOWS, platformName: WINDOWS, proxy: Proxy(), setWindowRect: true, strictFileInteractability: false, timeouts: {implicit: 0, pageLoad: 300000, script: 30000}, unhandledPromptBehavior: dismiss and notify, webauthn:extension:credBlob: true, webauthn:extension:largeBlob: true, webauthn:virtualAuthenticators: true}
Session ID: 41196d9c80202c81fd3c54ad4f7abf7c
*** Element info: {Using=xpath, value=//span[text()='My Network']}
at org.openqa.selenium.remote.http.W3CHttpResponseCodec.createException(W3CHttpResponseCodec.java:187)
at org.openqa.selenium.remote.http.W3CHttpResponseCodec.decode(W3CHttpResponseCodec.java:122)
at org.openqa.selenium.remote.http.W3CHttpResponseCodec.decode(W3CHttpResponseCodec.java:49)
at org.openqa.selenium.remote.HttpCommandExecutor.execute(HttpCommandExecutor.java:158)
at org.openqa.selenium.remote.service.DriverCommandExecutor.execute(DriverCommandExecutor.java:83)
at org.openqa.selenium.remote.RemoteWebDriver.execute(RemoteWebDriver.java:552)
at org.openqa.selenium.remote.RemoteWebDriver.findElement(RemoteWebDriver.java:323)
at org.openqa.selenium.remote.RemoteWebDriver.findElementByXPath(RemoteWebDriver.java:428)
at org.openqa.selenium.By$ByXPath.findElement(By.java:353)
at org.openqa.selenium.remote.RemoteWebDriver.findElement(RemoteWebDriver.java:315)
at org.openqa.selenium.support.pagefactory.DefaultElementLocator.findElement(DefaultElementLocator.java:69)
at org.openqa.selenium.support.pagefactory.internal.LocatingElementHandler.invoke(LocatingElementHandler.java:38)
at jdk.proxy2/jdk.proxy2.$Proxy18.click(Unknown Source)
at pages.HomePage.openMyNetworkPage(HomePage.java:47)
at tests.VerifyContactsPage.openMyNetworkPage(VerifyContactsPage.java:85)
at java.base/java.util.concurrent.ThreadPoolExecutor.runWorker(ThreadPoolExecutor.java:1136)
at java.base/java.util.concurrent.ThreadPoolExecutor$Worker.run(ThreadPoolExecutor.java:635)
at java.base/java.lang.Thread.run(Thread.java:833)
... Removed 17 stack frames]]>
    </failure>
  </testcase> <!-- @BeforeMethod openMyNetworkPage -->
  <testcase classname="tests.VerifyContactsPage" name="@AfterMethod logOutToApp" time="-1.664786490116E9">
    <skipped/>
  </testcase> <!-- @AfterMethod logOutToApp -->
  <testcase classname="tests.VerifyContactsPage" name="@BeforeMethod openMyNetworkPage" time="-1.664786490121E9">
    <skipped/>
  </testcase> <!-- @BeforeMethod openMyNetworkPage -->
  <testcase classname="tests.VerifyContactsPage" name="@AfterMethod logOutToApp" time="-1.664786490128E9">
    <skipped/>
  </testcase> <!-- @AfterMethod logOutToApp -->
  <testcase classname="tests.VerifyContactsPage" name="@AfterClass clearPOMClassObjects" time="-1.664786490139E9">
    <skipped/>
  </testcase> <!-- @AfterClass clearPOMClassObjects -->
  <testcase classname="tests.VerifyContactsPage" name="verifyContactsLink" time="0.0">
    <skipped/>
  </testcase> <!-- verifyContactsLink -->
  <testcase classname="tests.VerifyContactsPage" name="verifyEventsLink" time="0.0">
    <skipped/>
  </testcase> <!-- verifyEventsLink -->
  <testcase classname="tests.VerifyContactsPage" name="verifyHashtagLink" time="0.0">
    <skipped/>
  </testcase> <!-- verifyHashtagLink -->
  <testcase classname="tests.VerifyConnectionPage" name="verifyConnectionsLink" time="3.521"/>
  <testcase classname="tests.VerifyConnectionPage" name="verifyGroupsLink" time="3.766">
    <failure type="java.lang.AssertionError" message="expected [https://www.linkedin.com/groups/] but found [https://www.linkedin.com/mynetwork/]">
      <![CDATA[java.lang.AssertionError: expected [https://www.linkedin.com/groups/] but found [https://www.linkedin.com/mynetwork/]
at tests.VerifyConnectionPage.verifyGroupsLink(VerifyConnectionPage.java:105)
at java.base/java.util.concurrent.ThreadPoolExecutor.runWorker(ThreadPoolExecutor.java:1136)
at java.base/java.util.concurrent.ThreadPoolExecutor$Worker.run(ThreadPoolExecutor.java:635)
at java.base/java.lang.Thread.run(Thread.java:833)
... Removed 16 stack frames]]>
    </failure>
  </testcase> <!-- verifyGroupsLink -->
</testsuite> <!-- ChromeTest -->
